  FishAquarium.cpp
C:\Program Files (x86)\Windows Kits\10\Include\10.0.22000.0\shared\minwindef.h(130,1): warning C4005: 'APIENTRY': macro redefinition
C:\Users\Edy\Desktop\Facultate\Facultate -Exercitii si probleme\AN II SEM I\_external\glad\include\glad\glad.h(32): message : see previous definition of 'APIENTRY'
C:\Users\Edy\Desktop\Facultate\Facultate -Exercitii si probleme\AN II SEM I\Modelare grafica\FishAquarium\Shader.h(54,40): warning C4101: 'e': unreferenced local variable
C:\Users\Edy\Desktop\Facultate\Facultate -Exercitii si probleme\AN II SEM I\Modelare grafica\FishAquarium\FishAquarium.cpp(85,11): warning C4244: '=': conversion from 'double' to 'float', possible loss of data
C:\Users\Edy\Desktop\Facultate\Facultate -Exercitii si probleme\AN II SEM I\Modelare grafica\FishAquarium\FishAquarium.cpp(86,11): warning C4244: '=': conversion from 'double' to 'float', possible loss of data
C:\Users\Edy\Desktop\Facultate\Facultate -Exercitii si probleme\AN II SEM I\Modelare grafica\FishAquarium\FishAquarium.cpp(90,16): warning C4244: 'initializing': conversion from 'double' to 'float', possible loss of data
C:\Users\Edy\Desktop\Facultate\Facultate -Exercitii si probleme\AN II SEM I\Modelare grafica\FishAquarium\FishAquarium.cpp(91,16): warning C4244: 'initializing': conversion from 'double' to 'float', possible loss of data
C:\Users\Edy\Desktop\Facultate\Facultate -Exercitii si probleme\AN II SEM I\Modelare grafica\FishAquarium\FishAquarium.cpp(93,10): warning C4244: '=': conversion from 'double' to 'float', possible loss of data
C:\Users\Edy\Desktop\Facultate\Facultate -Exercitii si probleme\AN II SEM I\Modelare grafica\FishAquarium\FishAquarium.cpp(94,10): warning C4244: '=': conversion from 'double' to 'float', possible loss of data
C:\Users\Edy\Desktop\Facultate\Facultate -Exercitii si probleme\AN II SEM I\Modelare grafica\FishAquarium\FishAquarium.cpp(101,28): warning C4244: 'argument': conversion from 'double' to 'float', possible loss of data
C:\Users\Edy\Desktop\Facultate\Facultate -Exercitii si probleme\AN II SEM I\Modelare grafica\FishAquarium\FishAquarium.cpp(469,25): warning C4305: 'initializing': truncation from 'double' to 'float'
C:\Users\Edy\Desktop\Facultate\Facultate -Exercitii si probleme\AN II SEM I\Modelare grafica\FishAquarium\FishAquarium.cpp(470,20): warning C4018: '<': signed/unsigned mismatch
C:\Users\Edy\Desktop\Facultate\Facultate -Exercitii si probleme\AN II SEM I\Modelare grafica\FishAquarium\FishAquarium.cpp(530,75): warning C4305: 'initializing': truncation from 'double' to '_Ty'
          with
          [
              _Ty=float
          ]
C:\Users\Edy\Desktop\Facultate\Facultate -Exercitii si probleme\AN II SEM I\Modelare grafica\FishAquarium\FishAquarium.cpp(700,64): warning C4305: 'initializing': truncation from 'double' to '_Ty'
          with
          [
              _Ty=float
          ]
C:\Users\Edy\Desktop\Facultate\Facultate -Exercitii si probleme\AN II SEM I\Modelare grafica\FishAquarium\FishAquarium.cpp(789,28): warning C4018: '<': signed/unsigned mismatch
C:\Users\Edy\Desktop\Facultate\Facultate -Exercitii si probleme\AN II SEM I\Modelare grafica\FishAquarium\FishAquarium.cpp(909,22): warning C4244: 'initializing': conversion from 'double' to 'float', possible loss of data
C:\Users\Edy\Desktop\Facultate\Facultate -Exercitii si probleme\AN II SEM I\Modelare grafica\FishAquarium\FishAquarium.cpp(934,24): warning C4244: '=': conversion from 'double' to 'T', possible loss of data
          with
          [
              T=float
          ]
C:\Users\Edy\Desktop\Facultate\Facultate -Exercitii si probleme\AN II SEM I\Modelare grafica\FishAquarium\FishAquarium.cpp(935,24): warning C4244: '=': conversion from 'double' to 'T', possible loss of data
          with
          [
              T=float
          ]
  FishAquarium.vcxproj -> C:\Users\Edy\Desktop\Facultate\Facultate -Exercitii si probleme\AN II SEM I\Modelare grafica\FishAquarium\Debug\FishAquarium.exe
